# JRE version: OpenJDK Runtime Environment Temurin-17.0.17+10 (17.0.17+10) (build 17.0.17+10)
# Java VM: OpenJDK 64-Bit Server VM Temurin-17.0.17+10 (17.0.17+10, mixed mode, sharing, tiered, compressed oops, compressed class ptrs, g1 gc, windows-amd64)
GC Precious Log:
 CPUs: 8 total, 8 available
 Memory: 16268M
 Large Page Support: Disabled
 NUMA Support: Disabled
 Compressed Oops: Enabled (Zero based)
 Heap Region Size: 4M
 Heap Min Capacity: 8M
 Heap Initial Capacity: 256M
 Heap Max Capacity: 8G
 Pre-touch: Disabled
 Parallel Workers: 8
 Concurrent Workers: 2
 Concurrent Refinement Workers: 8
 Periodic GC: Disabled
Heap:
 garbage-first heap   total 1318912K, used 924841K [0x0000000600000000, 0x0000000800000000)
  region size 4096K, 73 young (299008K), 7 survivors (28672K)
 Metaspace       used 182492K, committed 185536K, reserved 1245184K
  class space    used 22766K, committed 24128K, reserved 1048576K
GC Heap History (20 events):
Event: 1443.397 GC heap before
{Heap before GC invocations=118 (full 0):
 garbage-first heap   total 1318912K, used 1138856K [0x0000000600000000, 0x0000000800000000)
  region size 4096K, 128 young (524288K), 2 survivors (8192K)
 Metaspace       used 174821K, committed 177600K, reserved 1245184K
  class space    used 22105K, committed 23360K, reserved 1048576K
}
Event: 1443.405 GC heap after
{Heap after GC invocations=119 (full 0):
 garbage-first heap   total 1318912K, used 635814K [0x0000000600000000, 0x0000000800000000)
  region size 4096K, 4 young (16384K), 4 survivors (16384K)
 Metaspace       used 174821K, committed 177600K, reserved 1245184K
  class space    used 22105K, committed 23360K, reserved 1048576K
}
Event: 1444.665 GC heap before
{Heap before GC invocations=119 (full 0):
 garbage-first heap   total 1318912K, used 1139622K [0x0000000600000000, 0x0000000800000000)
  region size 4096K, 127 young (520192K), 4 survivors (16384K)
 Metaspace       used 174897K, committed 177728K, reserved 1245184K
  class space    used 22109K, committed 23360K, reserved 1048576K
}
Event: 1444.672 GC heap after
{Heap after GC invocations=120 (full 0):
 garbage-first heap   total 1318912K, used 627888K [0x0000000600000000, 0x0000000800000000)
  region size 4096K, 3 young (12288K), 3 survivors (12288K)
 Metaspace       used 174897K, committed 177728K, reserved 1245184K
  class space    used 22109K, committed 23360K, reserved 1048576K
}
Event: 1453.937 GC heap before
{Heap before GC invocations=120 (full 0):
 garbage-first heap   total 1318912K, used 1139888K [0x0000000600000000, 0x0000000800000000)
  region size 4096K, 129 young (528384K), 3 survivors (12288K)
 Metaspace       used 178948K, committed 181888K, reserved 1245184K
  class space    used 22582K, committed 23872K, reserved 1048576K
}
Event: 1453.982 GC heap after
{Heap after GC invocations=121 (full 0):
 garbage-first heap   total 1318912K, used 641744K [0x0000000600000000, 0x0000000800000000)
  region size 4096K, 6 young (24576K), 6 survivors (24576K)
 Metaspace       used 178948K, committed 181888K, reserved 1245184K
  class space    used 22582K, committed 23872K, reserved 1048576K
}
Event: 1456.967 GC heap before
{Heap before GC invocations=121 (full 0):
 garbage-first heap   total 1318912K, used 1133264K [0x0000000600000000, 0x0000000800000000)
  region size 4096K, 127 young (520192K), 6 survivors (24576K)
 Metaspace       used 178957K, committed 181888K, reserved 1245184K
  class space    used 22583K, committed 23872K, reserved 1048576K
}
Event: 1456.980 GC heap after
{Heap after GC invocations=122 (full 0):
 garbage-first heap   total 1318912K, used 650150K [0x0000000600000000, 0x0000000800000000)
  region size 4096K, 8 young (32768K), 8 survivors (32768K)
 Metaspace       used 178957K, committed 181888K, reserved 1245184K
  class space    used 22583K, committed 23872K, reserved 1048576K
}
Event: 1462.187 GC heap before
{Heap before GC invocations=122 (full 0):
 garbage-first heap   total 1318912K, used 1133478K [0x0000000600000000, 0x0000000800000000)
  region size 4096K, 127 young (520192K), 8 survivors (32768K)
 Metaspace       used 180211K, committed 183168K, reserved 1245184K
  class space    used 22641K, committed 24000K, reserved 1048576K
}
Event: 1462.200 GC heap after
{Heap after GC invocations=123 (full 0):
 garbage-first heap   total 1318912K, used 648102K [0x0000000600000000, 0x0000000800000000)
  region size 4096K, 7 young (28672K), 7 survivors (28672K)
 Metaspace       used 180211K, committed 183168K, reserved 1245184K
  class space    used 22641K, committed 24000K, reserved 1048576K
}
Event: 1468.526 GC heap before
{Heap before GC invocations=123 (full 0):
 garbage-first heap   total 1318912K, used 1131430K [0x0000000600000000, 0x0000000800000000)
  region size 4096K, 126 young (516096K), 7 survivors (28672K)
 Metaspace       used 180614K, committed 183616K, reserved 1245184K
  class space    used 22665K, committed 24000K, reserved 1048576K
}
Event: 1468.543 GC heap after
{Heap after GC invocations=124 (full 0):
 garbage-first heap   total 1318912K, used 650629K [0x0000000600000000, 0x0000000800000000)
  region size 4096K, 8 young (32768K), 8 survivors (32768K)
 Metaspace       used 180614K, committed 183616K, reserved 1245184K
  class space    used 22665K, committed 24000K, reserved 1048576K
}
Event: 1472.358 GC heap before
{Heap before GC invocations=124 (full 0):
 garbage-first heap   total 1318912K, used 1129861K [0x0000000600000000, 0x0000000800000000)
  region size 4096K, 126 young (516096K), 8 survivors (32768K)
 Metaspace       used 180882K, committed 183872K, reserved 1245184K
  class space    used 22684K, committed 24000K, reserved 1048576K
}
Event: 1472.376 GC heap after
{Heap after GC invocations=125 (full 0):
 garbage-first heap   total 1318912K, used 661007K [0x0000000600000000, 0x0000000800000000)
  region size 4096K, 11 young (45056K), 11 survivors (45056K)
 Metaspace       used 180882K, committed 183872K, reserved 1245184K
  class space    used 22684K, committed 24000K, reserved 1048576K
}
Event: 1475.950 GC heap before
{Heap before GC invocations=125 (full 0):
 garbage-first heap   total 1318912K, used 1123855K [0x0000000600000000, 0x0000000800000000)
  region size 4096K, 126 young (516096K), 11 survivors (45056K)
 Metaspace       used 181240K, committed 184256K, reserved 1245184K
  class space    used 22706K, committed 24064K, reserved 1048576K
}
Event: 1475.980 GC heap after
{Heap after GC invocations=126 (full 0):
 garbage-first heap   total 1318912K, used 670863K [0x0000000600000000, 0x0000000800000000)
  region size 4096K, 11 young (45056K), 11 survivors (45056K)
 Metaspace       used 181240K, committed 184256K, reserved 1245184K
  class space    used 22706K, committed 24064K, reserved 1048576K
}
Event: 1476.361 GC heap before
{Heap before GC invocations=126 (full 0):
 garbage-first heap   total 1318912K, used 1125519K [0x0000000600000000, 0x0000000800000000)
  region size 4096K, 123 young (503808K), 11 survivors (45056K)
 Metaspace       used 181244K, committed 184256K, reserved 1245184K
  class space    used 22706K, committed 24064K, reserved 1048576K
}
Event: 1476.378 GC heap after
{Heap after GC invocations=127 (full 0):
 garbage-first heap   total 1318912K, used 661728K [0x0000000600000000, 0x0000000800000000)
  region size 4096K, 7 young (28672K), 7 survivors (28672K)
 Metaspace       used 181244K, committed 184256K, reserved 1245184K
  class space    used 22706K, committed 24064K, reserved 1048576K
}
Event: 1482.424 GC heap before
{Heap before GC invocations=127 (full 0):
 garbage-first heap   total 1318912K, used 1132768K [0x0000000600000000, 0x0000000800000000)
  region size 4096K, 123 young (503808K), 7 survivors (28672K)
 Metaspace       used 181968K, committed 184960K, reserved 1245184K
  class space    used 22736K, committed 24064K, reserved 1048576K
}
Event: 1482.438 GC heap after
{Heap after GC invocations=128 (full 0):
 garbage-first heap   total 1318912K, used 662697K [0x0000000600000000, 0x0000000800000000)
  region size 4096K, 7 young (28672K), 7 survivors (28672K)
 Metaspace       used 181968K, committed 184960K, reserved 1245184K
  class space    used 22736K, committed 24064K, reserved 1048576K
}

