# JRE version: OpenJDK Runtime Environment (21.0.8) (build 21.0.8+-14018985-b1038.68)
# Java VM: OpenJDK 64-Bit Server VM (21.0.8+-14018985-b1038.68, mixed mode, tiered, compressed oops, compressed class ptrs, g1 gc, windows-amd64)
GC Precious Log:
 CardTable entry size: 512
 Card Set container configuration: InlinePtr #cards 4 size 8 Array Of Cards #cards 32 size 80 Howl #buckets 8 coarsen threshold 7372 Howl Bitmap #cards 1024 size 144 coarsen threshold 921 Card regions per heap region 1 cards per card region 8192
 CPUs: 8 total, 8 available
 Memory: 16268M
 Large Page Support: Disabled
 NUMA Support: Disabled
 Compressed Oops: Enabled (Zero based)
 Heap Region Size: 4M
 Heap Min Capacity: 8M
 Heap Initial Capacity: 256M
 Heap Max Capacity: 8G
 Pre-touch: Disabled
 Parallel Workers: 8
 Concurrent Workers: 2
 Concurrent Refinement Workers: 8
 Periodic GC: Disabled
Heap:
 garbage-first heap   total 737280K, used 269096K [0x0000000600000000, 0x0000000800000000)
  region size 4096K, 16 young (65536K), 12 survivors (49152K)
 Metaspace       used 226397K, committed 232960K, reserved 1310720K
  class space    used 28671K, committed 31232K, reserved 1048576K
GC Heap History (20 events):
Event: 7490.067 GC heap before
{Heap before GC invocations=207 (full 0):
 garbage-first heap   total 2039808K, used 1802240K [0x0000000600000000, 0x0000000800000000)
  region size 4096K, 220 young (901120K), 11 survivors (45056K)
 Metaspace       used 227329K, committed 233216K, reserved 1310720K
  class space    used 28799K, committed 31232K, reserved 1048576K
}
Event: 7490.105 GC heap after
{Heap after GC invocations=208 (full 0):
 garbage-first heap   total 2039808K, used 891340K [0x0000000600000000, 0x0000000800000000)
  region size 4096K, 11 young (45056K), 11 survivors (45056K)
 Metaspace       used 227329K, committed 233216K, reserved 1310720K
  class space    used 28799K, committed 31232K, reserved 1048576K
}
Event: 9360.732 GC heap before
{Heap before GC invocations=208 (full 0):
 garbage-first heap   total 2039808K, used 1927628K [0x0000000600000000, 0x0000000800000000)
  region size 4096K, 236 young (966656K), 11 survivors (45056K)
 Metaspace       used 227589K, committed 233216K, reserved 1310720K
  class space    used 28817K, committed 31232K, reserved 1048576K
}
Event: 9360.794 GC heap after
{Heap after GC invocations=209 (full 0):
 garbage-first heap   total 2039808K, used 737534K [0x0000000600000000, 0x0000000800000000)
  region size 4096K, 22 young (90112K), 22 survivors (90112K)
 Metaspace       used 227589K, committed 233216K, reserved 1310720K
  class space    used 28817K, committed 31232K, reserved 1048576K
}
Event: 9386.585 GC heap before
{Heap before GC invocations=209 (full 0):
 garbage-first heap   total 2039808K, used 1814782K [0x0000000600000000, 0x0000000800000000)
  region size 4096K, 283 young (1159168K), 22 survivors (90112K)
 Metaspace       used 229198K, committed 233280K, reserved 1310720K
  class space    used 28935K, committed 31232K, reserved 1048576K
}
Event: 9386.676 GC heap after
{Heap after GC invocations=210 (full 0):
 garbage-first heap   total 2039808K, used 784253K [0x0000000600000000, 0x0000000800000000)
  region size 4096K, 32 young (131072K), 32 survivors (131072K)
 Metaspace       used 229198K, committed 233280K, reserved 1310720K
  class space    used 28935K, committed 31232K, reserved 1048576K
}
Event: 9390.944 GC heap before
{Heap before GC invocations=210 (full 0):
 garbage-first heap   total 2039808K, used 1828733K [0x0000000600000000, 0x0000000800000000)
  region size 4096K, 289 young (1183744K), 32 survivors (131072K)
 Metaspace       used 230716K, committed 234240K, reserved 1310720K
  class space    used 29050K, committed 31232K, reserved 1048576K
}
Event: 9391.026 GC heap after
{Heap after GC invocations=211 (full 0):
 garbage-first heap   total 2039808K, used 794520K [0x0000000600000000, 0x0000000800000000)
  region size 4096K, 20 young (81920K), 20 survivors (81920K)
 Metaspace       used 230716K, committed 234240K, reserved 1310720K
  class space    used 29050K, committed 31232K, reserved 1048576K
}
Event: 9392.539 GC heap before
{Heap before GC invocations=212 (full 0):
 garbage-first heap   total 2039808K, used 1662872K [0x0000000600000000, 0x0000000800000000)
  region size 4096K, 273 young (1118208K), 20 survivors (81920K)
 Metaspace       used 229464K, committed 233856K, reserved 1310720K
  class space    used 28944K, committed 31232K, reserved 1048576K
}
Event: 9392.584 GC heap after
{Heap after GC invocations=213 (full 0):
 garbage-first heap   total 2039808K, used 625138K [0x0000000600000000, 0x0000000800000000)
  region size 4096K, 7 young (28672K), 7 survivors (28672K)
 Metaspace       used 229464K, committed 233856K, reserved 1310720K
  class space    used 28944K, committed 31232K, reserved 1048576K
}
Event: 9394.086 GC heap before
{Heap before GC invocations=213 (full 0):
 garbage-first heap   total 2039808K, used 1849842K [0x0000000600000000, 0x0000000800000000)
  region size 4096K, 298 young (1220608K), 7 survivors (28672K)
 Metaspace       used 229777K, committed 233856K, reserved 1310720K
  class space    used 28967K, committed 31232K, reserved 1048576K
}
Event: 9394.213 GC heap after
{Heap after GC invocations=214 (full 0):
 garbage-first heap   total 2105344K, used 768000K [0x0000000600000000, 0x0000000800000000)
  region size 4096K, 38 young (155648K), 38 survivors (155648K)
 Metaspace       used 229777K, committed 233856K, reserved 1310720K
  class space    used 28967K, committed 31232K, reserved 1048576K
}
Event: 9396.592 GC heap before
{Heap before GC invocations=214 (full 0):
 garbage-first heap   total 2105344K, used 1779712K [0x0000000600000000, 0x0000000800000000)
  region size 4096K, 286 young (1171456K), 38 survivors (155648K)
 Metaspace       used 229793K, committed 233856K, reserved 1310720K
  class space    used 28967K, committed 31232K, reserved 1048576K
}
Event: 9396.708 GC heap after
{Heap after GC invocations=215 (full 0):
 garbage-first heap   total 2105344K, used 798720K [0x0000000600000000, 0x0000000800000000)
  region size 4096K, 20 young (81920K), 20 survivors (81920K)
 Metaspace       used 229793K, committed 233856K, reserved 1310720K
  class space    used 28967K, committed 31232K, reserved 1048576K
}
Event: 9406.499 GC heap before
{Heap before GC invocations=216 (full 0):
 garbage-first heap   total 2105344K, used 1970176K [0x0000000600000000, 0x0000000800000000)
  region size 4096K, 265 young (1085440K), 20 survivors (81920K)
 Metaspace       used 228494K, committed 233856K, reserved 1310720K
  class space    used 28853K, committed 31232K, reserved 1048576K
}
Event: 9406.525 GC heap after
{Heap after GC invocations=217 (full 0):
 garbage-first heap   total 2105344K, used 839535K [0x0000000600000000, 0x0000000800000000)
  region size 4096K, 5 young (20480K), 5 survivors (20480K)
 Metaspace       used 228494K, committed 233856K, reserved 1310720K
  class space    used 28853K, committed 31232K, reserved 1048576K
}
Event: 17381.597 GC heap before
{Heap before GC invocations=217 (full 0):
 garbage-first heap   total 2105344K, used 1073007K [0x0000000600000000, 0x0000000800000000)
  region size 4096K, 64 young (262144K), 5 survivors (20480K)
 Metaspace       used 228499K, committed 233856K, reserved 1310720K
  class space    used 28853K, committed 31232K, reserved 1048576K
}
Event: 17381.892 GC heap after
{Heap after GC invocations=218 (full 1):
 garbage-first heap   total 737280K, used 205112K [0x0000000600000000, 0x0000000800000000)
  region size 4096K, 0 young (0K), 0 survivors (0K)
 Metaspace       used 226102K, committed 232960K, reserved 1310720K
  class space    used 28669K, committed 31232K, reserved 1048576K
}
Event: 17662.191 GC heap before
{Heap before GC invocations=218 (full 1):
 garbage-first heap   total 737280K, used 577848K [0x0000000600000000, 0x0000000800000000)
  region size 4096K, 91 young (372736K), 0 survivors (0K)
 Metaspace       used 226391K, committed 232960K, reserved 1310720K
  class space    used 28671K, committed 31232K, reserved 1048576K
}
Event: 17662.227 GC heap after
{Heap after GC invocations=219 (full 1):
 garbage-first heap   total 737280K, used 256808K [0x0000000600000000, 0x0000000800000000)
  region size 4096K, 12 young (49152K), 12 survivors (49152K)
 Metaspace       used 226391K, committed 232960K, reserved 1310720K
  class space    used 28671K, committed 31232K, reserved 1048576K
}

