# JRE version: OpenJDK Runtime Environment Temurin-17.0.17+10 (17.0.17+10) (build 17.0.17+10)
# Java VM: OpenJDK 64-Bit Server VM Temurin-17.0.17+10 (17.0.17+10, mixed mode, sharing, tiered, compressed oops, compressed class ptrs, g1 gc, windows-amd64)
GC Precious Log:
 CPUs: 8 total, 8 available
 Memory: 16268M
 Large Page Support: Disabled
 NUMA Support: Disabled
 Compressed Oops: Enabled (Zero based)
 Heap Region Size: 4M
 Heap Min Capacity: 8M
 Heap Initial Capacity: 256M
 Heap Max Capacity: 8G
 Pre-touch: Disabled
 Parallel Workers: 8
 Concurrent Workers: 2
 Concurrent Refinement Workers: 8
 Periodic GC: Disabled
Heap:
 garbage-first heap   total 1339392K, used 976056K [0x0000000600000000, 0x0000000800000000)
  region size 4096K, 152 young (622592K), 19 survivors (77824K)
 Metaspace       used 121274K, committed 123520K, reserved 1179648K
  class space    used 16795K, committed 17792K, reserved 1048576K
GC Heap History (20 events):
Event: 24.074 GC heap before
{Heap before GC invocations=51 (full 0):
 garbage-first heap   total 393216K, used 203509K [0x0000000600000000, 0x0000000800000000)
  region size 4096K, 5 young (20480K), 4 survivors (16384K)
 Metaspace       used 106688K, committed 107840K, reserved 1179648K
  class space    used 14804K, committed 15360K, reserved 1048576K
}
Event: 24.084 GC heap after
{Heap after GC invocations=52 (full 0):
 garbage-first heap   total 393216K, used 196960K [0x0000000600000000, 0x0000000800000000)
  region size 4096K, 1 young (4096K), 1 survivors (4096K)
 Metaspace       used 106688K, committed 107840K, reserved 1179648K
  class space    used 14804K, committed 15360K, reserved 1048576K
}
Event: 24.677 GC heap before
{Heap before GC invocations=52 (full 0):
 garbage-first heap   total 393216K, used 307552K [0x0000000600000000, 0x0000000800000000)
  region size 4096K, 28 young (114688K), 1 survivors (4096K)
 Metaspace       used 106971K, committed 108096K, reserved 1179648K
  class space    used 14837K, committed 15360K, reserved 1048576K
}
Event: 24.684 GC heap after
{Heap after GC invocations=53 (full 0):
 garbage-first heap   total 393216K, used 213588K [0x0000000600000000, 0x0000000800000000)
  region size 4096K, 4 young (16384K), 4 survivors (16384K)
 Metaspace       used 106971K, committed 108096K, reserved 1179648K
  class space    used 14837K, committed 15360K, reserved 1048576K
}
Event: 24.862 GC heap before
{Heap before GC invocations=53 (full 0):
 garbage-first heap   total 393216K, used 303700K [0x0000000600000000, 0x0000000800000000)
  region size 4096K, 27 young (110592K), 4 survivors (16384K)
 Metaspace       used 106974K, committed 108096K, reserved 1179648K
  class space    used 14838K, committed 15360K, reserved 1048576K
}
Event: 24.871 GC heap after
{Heap after GC invocations=54 (full 0):
 garbage-first heap   total 1114112K, used 215910K [0x0000000600000000, 0x0000000800000000)
  region size 4096K, 2 young (8192K), 2 survivors (8192K)
 Metaspace       used 106974K, committed 108096K, reserved 1179648K
  class space    used 14838K, committed 15360K, reserved 1048576K
}
Event: 27.368 GC heap before
{Heap before GC invocations=54 (full 0):
 garbage-first heap   total 1114112K, used 867174K [0x0000000600000000, 0x0000000800000000)
  region size 4096K, 162 young (663552K), 2 survivors (8192K)
 Metaspace       used 108234K, committed 109568K, reserved 1179648K
  class space    used 15002K, committed 15616K, reserved 1048576K
}
Event: 27.391 GC heap after
{Heap after GC invocations=55 (full 0):
 garbage-first heap   total 1114112K, used 251045K [0x0000000600000000, 0x0000000800000000)
  region size 4096K, 11 young (45056K), 11 survivors (45056K)
 Metaspace       used 108234K, committed 109568K, reserved 1179648K
  class space    used 15002K, committed 15616K, reserved 1048576K
}
Event: 29.211 GC heap before
{Heap before GC invocations=55 (full 0):
 garbage-first heap   total 1114112K, used 844965K [0x0000000600000000, 0x0000000800000000)
  region size 4096K, 155 young (634880K), 11 survivors (45056K)
 Metaspace       used 108844K, committed 110272K, reserved 1179648K
  class space    used 15092K, committed 15744K, reserved 1048576K
}
Event: 29.240 GC heap after
{Heap after GC invocations=56 (full 0):
 garbage-first heap   total 1114112K, used 295844K [0x0000000600000000, 0x0000000800000000)
  region size 4096K, 20 young (81920K), 20 survivors (81920K)
 Metaspace       used 108844K, committed 110272K, reserved 1179648K
  class space    used 15092K, committed 15744K, reserved 1048576K
}
Event: 30.350 GC heap before
{Heap before GC invocations=56 (full 0):
 garbage-first heap   total 1114112K, used 848804K [0x0000000600000000, 0x0000000800000000)
  region size 4096K, 156 young (638976K), 20 survivors (81920K)
 Metaspace       used 109533K, committed 111040K, reserved 1179648K
  class space    used 15204K, committed 15936K, reserved 1048576K
}
Event: 30.385 GC heap after
{Heap after GC invocations=57 (full 0):
 garbage-first heap   total 1114112K, used 314562K [0x0000000600000000, 0x0000000800000000)
  region size 4096K, 15 young (61440K), 15 survivors (61440K)
 Metaspace       used 109533K, committed 111040K, reserved 1179648K
  class space    used 15204K, committed 15936K, reserved 1048576K
}
Event: 31.757 GC heap before
{Heap before GC invocations=57 (full 0):
 garbage-first heap   total 1114112K, used 879810K [0x0000000600000000, 0x0000000800000000)
  region size 4096K, 154 young (630784K), 15 survivors (61440K)
 Metaspace       used 110379K, committed 111936K, reserved 1179648K
  class space    used 15327K, committed 16064K, reserved 1048576K
}
Event: 31.793 GC heap after
{Heap after GC invocations=58 (full 0):
 garbage-first heap   total 1114112K, used 339968K [0x0000000600000000, 0x0000000800000000)
  region size 4096K, 12 young (49152K), 12 survivors (49152K)
 Metaspace       used 110379K, committed 111936K, reserved 1179648K
  class space    used 15327K, committed 16064K, reserved 1048576K
}
Event: 33.293 GC heap before
{Heap before GC invocations=58 (full 0):
 garbage-first heap   total 1114112K, used 888832K [0x0000000600000000, 0x0000000800000000)
  region size 4096K, 147 young (602112K), 12 survivors (49152K)
 Metaspace       used 111153K, committed 112896K, reserved 1179648K
  class space    used 15434K, committed 16192K, reserved 1048576K
}
Event: 33.327 GC heap after
{Heap after GC invocations=59 (full 0):
 garbage-first heap   total 1114112K, used 371550K [0x0000000600000000, 0x0000000800000000)
  region size 4096K, 15 young (61440K), 15 survivors (61440K)
 Metaspace       used 111153K, committed 112896K, reserved 1179648K
  class space    used 15434K, committed 16192K, reserved 1048576K
}
Event: 34.371 GC heap before
{Heap before GC invocations=59 (full 0):
 garbage-first heap   total 1114112K, used 887646K [0x0000000600000000, 0x0000000800000000)
  region size 4096K, 142 young (581632K), 15 survivors (61440K)
 Metaspace       used 111615K, committed 113408K, reserved 1179648K
  class space    used 15495K, committed 16256K, reserved 1048576K
}
Event: 34.405 GC heap after
{Heap after GC invocations=60 (full 0):
 garbage-first heap   total 1339392K, used 395779K [0x0000000600000000, 0x0000000800000000)
  region size 4096K, 15 young (61440K), 15 survivors (61440K)
 Metaspace       used 111615K, committed 113408K, reserved 1179648K
  class space    used 15495K, committed 16256K, reserved 1048576K
}
Event: 36.362 GC heap before
{Heap before GC invocations=60 (full 0):
 garbage-first heap   total 1339392K, used 1083907K [0x0000000600000000, 0x0000000800000000)
  region size 4096K, 184 young (753664K), 15 survivors (61440K)
 Metaspace       used 113098K, committed 115200K, reserved 1179648K
  class space    used 15717K, committed 16576K, reserved 1048576K
}
Event: 36.406 GC heap after
{Heap after GC invocations=61 (full 0):
 garbage-first heap   total 1339392K, used 439480K [0x0000000600000000, 0x0000000800000000)
  region size 4096K, 19 young (77824K), 19 survivors (77824K)
 Metaspace       used 113098K, committed 115200K, reserved 1179648K
  class space    used 15717K, committed 16576K, reserved 1048576K
}

